This file contains any messages produced by compilers while
running configure, to aid debugging if configure makes a mistake.

It was created by iptables configure 1.4.4, which was
generated by GNU Autoconf 2.69.  Invocation command line was

  $ ./configure --host=mips-linux --with-ksource=/opt/workspace/3.4.14/rtl819x/linux-3.10 --enable-static --disable-shared --disable-ipv6 CFLAGS=-Os

## --------- ##
## Platform. ##
## --------- ##

hostname = hp
uname -m = i686
uname -r = 3.2.0-126-generic-pae
uname -s = Linux
uname -v = #169-Ubuntu SMP Fri Mar 31 14:43:09 UTC 2017

/usr/bin/uname -p = unknown
/bin/uname -X     = unknown

/bin/arch              = unknown
/usr/bin/arch -k       = unknown
/usr/convex/getsysinfo = unknown
/usr/bin/hostinfo      = unknown
/bin/machine           = unknown
/usr/bin/oslevel       = unknown
/bin/universe          = unknown

PATH: /opt/workspace/3.4.14/rtl819x/toolchain/msdk-4.8.5-mips-EL-3.10-u0.9.33-m32ut-180418/bin
PATH: /usr/lib/lightdm/lightdm
PATH: /usr/local/sbin
PATH: /usr/local/bin
PATH: /usr/sbin
PATH: /usr/bin
PATH: /sbin
PATH: /bin
PATH: /usr/games


## ----------- ##
## Core tests. ##
## ----------- ##

configure:2412: checking for a BSD-compatible install
configure:2480: result: /usr/bin/install -c
configure:2492: checking whether build environment is sane
configure:2529: result: yes
configure:2591: checking for gawk
configure:2607: found /usr/bin/gawk
configure:2618: result: gawk
configure:2629: checking whether make sets $(MAKE)
configure:2651: result: yes
configure:2725: checking for mips-linux-strip
configure:2752: result: msdk-linux-strip
configure:2837: checking for mips-linux-gcc
configure:2864: result: msdk-linux-gcc
configure:3133: checking for C compiler version
configure:3142: msdk-linux-gcc --version >&5
mips-linux-uclibc-xgcc (Realtek MSDK-4.8.5p1 Build 2536) 4.8.5 20150209 (prerelease)
Copyright (C) 2013 Free Software Foundation, Inc.
This is free software; see the source for copying conditions.  There is NO
warranty; not even for MERCHANTABILITY or FITNESS FOR A PARTICULAR PURPOSE.

configure:3153: $? = 0
configure:3142: msdk-linux-gcc -v >&5
Using built-in specs.
COLLECT_GCC=/opt/workspace/3.4.14/rtl819x/toolchain/msdk-4.8.5-mips-EL-3.10-u0.9.33-m32ut-180418/bin/mips-linux-uclibc-xgcc
COLLECT_LTO_WRAPPER=/opt/workspace/3.4.14/rtl819x/toolchain/msdk-4.8.5-mips-EL-3.10-u0.9.33-m32ut-180418/bin/../libexec/gcc/mips-linux-uclibc/4.8.5/lto-wrapper
Target: mips-linux-uclibc
Configured with: Realtek SDK Builder release 4.8
Thread model: posix
gcc version 4.8.5 20150209 (prerelease) (Realtek MSDK-4.8.5p1 Build 2536) 
configure:3153: $? = 0
configure:3142: msdk-linux-gcc -V >&5
mips-linux-uclibc-xgcc: error: unrecognized command line option '-V'
mips-linux-uclibc-xgcc: fatal error: no input files
compilation terminated.
configure:3153: $? = 1
configure:3142: msdk-linux-gcc -qversion >&5
mips-linux-uclibc-xgcc: error: unrecognized command line option '-qversion'
mips-linux-uclibc-xgcc: fatal error: no input files
compilation terminated.
configure:3153: $? = 1
configure:3173: checking whether the C compiler works
configure:3195: msdk-linux-gcc -Os   conftest.c  >&5
configure:3199: $? = 0
configure:3247: result: yes
configure:3250: checking for C compiler default output file name
configure:3252: result: a.out
configure:3258: checking for suffix of executables
configure:3265: msdk-linux-gcc -o conftest -Os   conftest.c  >&5
configure:3269: $? = 0
configure:3291: result: 
configure:3313: checking whether we are cross compiling
configure:3321: msdk-linux-gcc -o conftest -Os   conftest.c  >&5
configure:3325: $? = 0
configure:3332: ./conftest
./configure: line 3334: ./conftest: cannot execute binary file
configure:3336: $? = 126
configure:3351: result: yes
configure:3356: checking for suffix of object files
configure:3378: msdk-linux-gcc -c -Os  conftest.c >&5
configure:3382: $? = 0
configure:3403: result: o
configure:3407: checking whether we are using the GNU C compiler
configure:3426: msdk-linux-gcc -c -Os  conftest.c >&5
configure:3426: $? = 0
configure:3435: result: yes
configure:3444: checking whether msdk-linux-gcc accepts -g
configure:3464: msdk-linux-gcc -c -g  conftest.c >&5
configure:3464: $? = 0
configure:3505: result: yes
configure:3522: checking for msdk-linux-gcc option to accept ISO C89
configure:3585: msdk-linux-gcc  -c -Os  conftest.c >&5
configure:3585: $? = 0
configure:3598: result: none needed
configure:3629: checking for style of include used by make
configure:3657: result: GNU
configure:3685: checking dependency style of msdk-linux-gcc
configure:3775: result: gcc3
configure:3793: checking whether msdk-linux-gcc and cc understand -c and -o together
configure:3824: msdk-linux-gcc -c conftest.c -o conftest2.o >&5
configure:3828: $? = 0
configure:3834: msdk-linux-gcc -c conftest.c -o conftest2.o >&5
configure:3838: $? = 0
configure:3849: cc -c conftest.c >&5
configure:3853: $? = 0
configure:3861: cc -c conftest.c -o conftest2.o >&5
configure:3865: $? = 0
configure:3871: cc -c conftest.c -o conftest2.o >&5
configure:3875: $? = 0
configure:3893: result: yes
configure:3976: checking build system type
configure:3990: result: i686-pc-linux-gnu
configure:4010: checking host system type
configure:4023: result: mips-unknown-linux-gnu
configure:4043: checking for a sed that does not truncate output
configure:4107: result: /bin/sed
configure:4125: checking for grep that handles long lines and -e
configure:4183: result: /bin/grep
configure:4188: checking for egrep
configure:4250: result: /bin/grep -E
configure:4255: checking for fgrep
configure:4317: result: /bin/grep -F
configure:4352: checking for ld used by msdk-linux-gcc
configure:4419: result: msdk-linux-gcc
configure:4426: checking if the linker (msdk-linux-gcc) is GNU ld
configure:4441: result: no
configure:4453: checking for BSD- or MS-compatible name lister (nm)
configure:4502: result: /opt/workspace/3.4.14/rtl819x/toolchain/msdk-4.8.5-mips-EL-3.10-u0.9.33-m32ut-180418/bin/mips-linux-nm -B
configure:4620: checking the name lister (/opt/workspace/3.4.14/rtl819x/toolchain/msdk-4.8.5-mips-EL-3.10-u0.9.33-m32ut-180418/bin/mips-linux-nm -B) interface
configure:4627: msdk-linux-gcc -c -Os  conftest.c >&5
configure:4630: /opt/workspace/3.4.14/rtl819x/toolchain/msdk-4.8.5-mips-EL-3.10-u0.9.33-m32ut-180418/bin/mips-linux-nm -B "conftest.o"
configure:4633: output
00000000 B some_variable
configure:4640: result: BSD nm
configure:4643: checking whether ln -s works
configure:4647: result: yes
configure:4655: checking the maximum length of command line arguments
configure:4775: result: 805306365
configure:4792: checking whether the shell understands some XSI constructs
configure:4802: result: yes
configure:4806: checking whether the shell understands "+="
configure:4812: result: yes
configure:4847: checking for msdk-linux-gcc option to reload object files
configure:4854: result: -r
configure:4883: checking for mips-linux-objdump
configure:4899: found /opt/workspace/3.4.14/rtl819x/toolchain/msdk-4.8.5-mips-EL-3.10-u0.9.33-m32ut-180418/bin/mips-linux-objdump
configure:4910: result: mips-linux-objdump
configure:4982: checking how to recognize dependent libraries
configure:5178: result: pass_all
configure:5198: checking for mips-linux-ar
configure:5225: result: msdk-linux-ar
configure:5303: checking for mips-linux-strip
configure:5330: result: msdk-linux-strip
configure:5402: checking for mips-linux-ranlib
configure:5429: result: msdk-linux-ranlib
configure:5559: checking command to parse /opt/workspace/3.4.14/rtl819x/toolchain/msdk-4.8.5-mips-EL-3.10-u0.9.33-m32ut-180418/bin/mips-linux-nm -B output from msdk-linux-gcc object
configure:5677: msdk-linux-gcc -c -Os  conftest.c >&5
configure:5680: $? = 0
configure:5684: /opt/workspace/3.4.14/rtl819x/toolchain/msdk-4.8.5-mips-EL-3.10-u0.9.33-m32ut-180418/bin/mips-linux-nm -B conftest.o \| sed -n -e 's/^.*[	 ]\([ABCDGIRSTW][ABCDGIRSTW]*\)[	 ][	 ]*\([_A-Za-z][_A-Za-z0-9]*\)$/\1 \2 \2/p' \> conftest.nm
configure:5687: $? = 0
configure:5741: msdk-linux-gcc -o conftest -Os   conftest.c conftstm.o >&5
configure:5744: $? = 0
configure:5782: result: ok
configure:6591: checking how to run the C preprocessor
configure:6622: msdk-linux-gcc -E  conftest.c
configure:6622: $? = 0
configure:6636: msdk-linux-gcc -E  conftest.c
conftest.c:11:28: fatal error: ac_nonexistent.h: No such file or directory
 #include <ac_nonexistent.h>
                            ^
compilation terminated.
configure:6636: $? = 1
configure: failed program was:
| /* confdefs.h */
| #define PACKAGE_NAME "iptables"
| #define PACKAGE_TARNAME "iptables"
| #define PACKAGE_VERSION "1.4.4"
| #define PACKAGE_STRING "iptables 1.4.4"
| #define PACKAGE_BUGREPORT ""
| #define PACKAGE_URL ""
| #define PACKAGE "iptables"
| #define VERSION "1.4.4"
| /* end confdefs.h.  */
| #include <ac_nonexistent.h>
configure:6661: result: msdk-linux-gcc -E
configure:6681: msdk-linux-gcc -E  conftest.c
configure:6681: $? = 0
configure:6695: msdk-linux-gcc -E  conftest.c
conftest.c:11:28: fatal error: ac_nonexistent.h: No such file or directory
 #include <ac_nonexistent.h>
                            ^
compilation terminated.
configure:6695: $? = 1
configure: failed program was:
| /* confdefs.h */
| #define PACKAGE_NAME "iptables"
| #define PACKAGE_TARNAME "iptables"
| #define PACKAGE_VERSION "1.4.4"
| #define PACKAGE_STRING "iptables 1.4.4"
| #define PACKAGE_BUGREPORT ""
| #define PACKAGE_URL ""
| #define PACKAGE "iptables"
| #define VERSION "1.4.4"
| /* end confdefs.h.  */
| #include <ac_nonexistent.h>
configure:6724: checking for ANSI C header files
configure:6744: msdk-linux-gcc -c -Os  conftest.c >&5
configure:6744: $? = 0
configure:6828: result: yes
configure:6841: checking for sys/types.h
configure:6841: msdk-linux-gcc -c -Os  conftest.c >&5
configure:6841: $? = 0
configure:6841: result: yes
configure:6841: checking for sys/stat.h
configure:6841: msdk-linux-gcc -c -Os  conftest.c >&5
configure:6841: $? = 0
configure:6841: result: yes
configure:6841: checking for stdlib.h
configure:6841: msdk-linux-gcc -c -Os  conftest.c >&5
configure:6841: $? = 0
configure:6841: result: yes
configure:6841: checking for string.h
configure:6841: msdk-linux-gcc -c -Os  conftest.c >&5
configure:6841: $? = 0
configure:6841: result: yes
configure:6841: checking for memory.h
configure:6841: msdk-linux-gcc -c -Os  conftest.c >&5
configure:6841: $? = 0
configure:6841: result: yes
configure:6841: checking for strings.h
configure:6841: msdk-linux-gcc -c -Os  conftest.c >&5
configure:6841: $? = 0
configure:6841: result: yes
configure:6841: checking for inttypes.h
configure:6841: msdk-linux-gcc -c -Os  conftest.c >&5
configure:6841: $? = 0
configure:6841: result: yes
configure:6841: checking for stdint.h
configure:6841: msdk-linux-gcc -c -Os  conftest.c >&5
configure:6841: $? = 0
configure:6841: result: yes
configure:6841: checking for unistd.h
configure:6841: msdk-linux-gcc -c -Os  conftest.c >&5
configure:6841: $? = 0
configure:6841: result: yes
configure:6855: checking for dlfcn.h
configure:6855: msdk-linux-gcc -c -Os  conftest.c >&5
configure:6855: $? = 0
configure:6855: result: yes
configure:7009: checking for objdir
configure:7024: result: .libs
configure:7320: checking if msdk-linux-gcc supports -fno-rtti -fno-exceptions
configure:7338: msdk-linux-gcc -c -Os  -fno-rtti -fno-exceptions conftest.c >&5
cc1: warning: command line option '-fno-rtti' is valid for C++/ObjC++ but not for C [enabled by default]
configure:7342: $? = 0
configure:7355: result: no
configure:7375: checking for msdk-linux-gcc option to produce PIC
configure:7647: result: -fPIC -DPIC
configure:7659: checking if msdk-linux-gcc PIC flag -fPIC -DPIC works
configure:7677: msdk-linux-gcc -c -Os  -fPIC -DPIC -DPIC conftest.c >&5
configure:7681: $? = 0
configure:7694: result: yes
configure:7718: checking if msdk-linux-gcc static flag -static works
configure:7746: result: yes
configure:7761: checking if msdk-linux-gcc supports -c -o file.o
configure:7782: msdk-linux-gcc -c -Os  -o out/conftest2.o conftest.c >&5
configure:7786: $? = 0
configure:7808: result: yes
configure:7816: checking if msdk-linux-gcc supports -c -o file.o
configure:7863: result: yes
configure:7896: checking whether the msdk-linux-gcc linker (msdk-linux-gcc) supports shared libraries
configure:8886: result: no
configure:9125: checking dynamic linker characteristics
configure:9558: msdk-linux-gcc -o conftest -Os    conftest.c  >&5
configure:9558: $? = 0
configure:9788: result: GNU/Linux ld.so
configure:9890: checking how to hardcode library paths into programs
configure:9915: result: unsupported
configure:10435: checking whether stripping libraries is possible
configure:10440: result: yes
configure:10475: checking if libtool supports shared libraries
configure:10477: result: no
configure:10480: checking whether to build shared libraries
configure:10501: result: no
configure:10504: checking whether to build static libraries
configure:10508: result: yes
configure:10605: checking linux/dccp.h usability
configure:10605: msdk-linux-gcc -c -Os  conftest.c >&5
configure:10605: $? = 0
configure:10605: result: yes
configure:10605: checking linux/dccp.h presence
configure:10605: msdk-linux-gcc -E  conftest.c
configure:10605: $? = 0
configure:10605: result: yes
configure:10605: checking for linux/dccp.h
configure:10605: result: yes
configure:10851: creating ./config.status

## ---------------------- ##
## Running config.status. ##
## ---------------------- ##

This file was extended by iptables config.status 1.4.4, which was
generated by GNU Autoconf 2.69.  Invocation command line was

  CONFIG_FILES    = 
  CONFIG_HEADERS  = 
  CONFIG_LINKS    = 
  CONFIG_COMMANDS = 
  $ ./config.status 

on hp

config.status:1081: creating Makefile
config.status:1081: creating extensions/GNUmakefile
config.status:1081: creating include/Makefile
config.status:1081: creating libipq/Makefile
config.status:1081: creating include/xtables.h
config.status:1081: creating include/iptables/internal.h
config.status:1081: creating libiptc.pc
config.status:1081: creating xtables.pc
config.status:1081: creating config.h
config.status:1256: config.h is unchanged
config.status:1303: executing depfiles commands
config.status:1303: executing libtool commands

## ---------------- ##
## Cache variables. ##
## ---------------- ##

ac_cv_build=i686-pc-linux-gnu
ac_cv_c_compiler_gnu=yes
ac_cv_env_CC_set=set
ac_cv_env_CC_value=msdk-linux-gcc
ac_cv_env_CFLAGS_set=set
ac_cv_env_CFLAGS_value=-Os
ac_cv_env_CPPFLAGS_set=
ac_cv_env_CPPFLAGS_value=
ac_cv_env_CPP_set=
ac_cv_env_CPP_value=
ac_cv_env_LDFLAGS_set=
ac_cv_env_LDFLAGS_value=
ac_cv_env_LIBS_set=
ac_cv_env_LIBS_value=
ac_cv_env_build_alias_set=
ac_cv_env_build_alias_value=
ac_cv_env_host_alias_set=set
ac_cv_env_host_alias_value=mips-linux
ac_cv_env_target_alias_set=
ac_cv_env_target_alias_value=
ac_cv_header_dlfcn_h=yes
ac_cv_header_inttypes_h=yes
ac_cv_header_linux_dccp_h=yes
ac_cv_header_memory_h=yes
ac_cv_header_stdc=yes
ac_cv_header_stdint_h=yes
ac_cv_header_stdlib_h=yes
ac_cv_header_string_h=yes
ac_cv_header_strings_h=yes
ac_cv_header_sys_stat_h=yes
ac_cv_header_sys_types_h=yes
ac_cv_header_unistd_h=yes
ac_cv_host=mips-unknown-linux-gnu
ac_cv_objext=o
ac_cv_path_EGREP='/bin/grep -E'
ac_cv_path_FGREP='/bin/grep -F'
ac_cv_path_GREP=/bin/grep
ac_cv_path_SED=/bin/sed
ac_cv_path_install='/usr/bin/install -c'
ac_cv_prog_AR=msdk-linux-ar
ac_cv_prog_AWK=gawk
ac_cv_prog_CC=msdk-linux-gcc
ac_cv_prog_CPP='msdk-linux-gcc -E'
ac_cv_prog_OBJDUMP=mips-linux-objdump
ac_cv_prog_RANLIB=msdk-linux-ranlib
ac_cv_prog_STRIP=msdk-linux-strip
ac_cv_prog_cc_c89=
ac_cv_prog_cc_g=yes
ac_cv_prog_cc_msdk_linux_gcc_c_o=yes
ac_cv_prog_make_make_set=yes
am_cv_CC_dependencies_compiler_type=gcc3
lt_cv_deplibs_check_method=pass_all
lt_cv_file_magic_cmd='$MAGIC_CMD'
lt_cv_file_magic_test_file=
lt_cv_ld_reload_flag=-r
lt_cv_nm_interface='BSD nm'
lt_cv_objdir=.libs
lt_cv_path_LD=msdk-linux-gcc
lt_cv_path_NM='/opt/workspace/3.4.14/rtl819x/toolchain/msdk-4.8.5-mips-EL-3.10-u0.9.33-m32ut-180418/bin/mips-linux-nm -B'
lt_cv_prog_compiler_c_o=yes
lt_cv_prog_compiler_pic_works=yes
lt_cv_prog_compiler_rtti_exceptions=no
lt_cv_prog_compiler_static_works=yes
lt_cv_prog_gnu_ld=no
lt_cv_sys_global_symbol_pipe='sed -n -e '\''s/^.*[	 ]\([ABCDGIRSTW][ABCDGIRSTW]*\)[	 ][	 ]*\([_A-Za-z][_A-Za-z0-9]*\)$/\1 \2 \2/p'\'''
lt_cv_sys_global_symbol_to_c_name_address='sed -n -e '\''s/^: \([^ ]*\) $/  {\"\1\", (void *) 0},/p'\'' -e '\''s/^[ABCDGIRSTW]* \([^ ]*\) \([^ ]*\)$/  {"\2", (void *) \&\2},/p'\'''
lt_cv_sys_global_symbol_to_c_name_address_lib_prefix='sed -n -e '\''s/^: \([^ ]*\) $/  {\"\1\", (void *) 0},/p'\'' -e '\''s/^[ABCDGIRSTW]* \([^ ]*\) \(lib[^ ]*\)$/  {"\2", (void *) \&\2},/p'\'' -e '\''s/^[ABCDGIRSTW]* \([^ ]*\) \([^ ]*\)$/  {"lib\2", (void *) \&\2},/p'\'''
lt_cv_sys_global_symbol_to_cdecl='sed -n -e '\''s/^T .* \(.*\)$/extern int \1();/p'\'' -e '\''s/^[ABCDGIRSTW]* .* \(.*\)$/extern char \1;/p'\'''
lt_cv_sys_max_cmd_len=805306365

## ----------------- ##
## Output variables. ##
## ----------------- ##

ACLOCAL='${SHELL} /opt/workspace/3.4.14/rtl819x/users/iptables-1.4.4/missing --run aclocal-1.9'
AMDEPBACKSLASH='\'
AMDEP_FALSE='#'
AMDEP_TRUE=''
AMTAR='${SHELL} /opt/workspace/3.4.14/rtl819x/users/iptables-1.4.4/missing --run tar'
AR='msdk-linux-ar'
AUTOCONF='${SHELL} /opt/workspace/3.4.14/rtl819x/users/iptables-1.4.4/missing --run autoconf'
AUTOHEADER='${SHELL} /opt/workspace/3.4.14/rtl819x/users/iptables-1.4.4/missing --run autoheader'
AUTOMAKE='${SHELL} /opt/workspace/3.4.14/rtl819x/users/iptables-1.4.4/missing --run automake-1.9'
AWK='gawk'
CC='msdk-linux-gcc'
CCDEPMODE='depmode=gcc3'
CFLAGS='-Os'
CPP='msdk-linux-gcc -E'
CPPFLAGS=''
CYGPATH_W='echo'
DEFS='-DHAVE_CONFIG_H'
DEPDIR='.deps'
DSYMUTIL=''
DUMPBIN=''
ECHO_C=''
ECHO_N='-n'
ECHO_T=''
EGREP='/bin/grep -E'
ENABLE_DEVEL_FALSE='#'
ENABLE_DEVEL_TRUE=''
ENABLE_IPV4_FALSE='#'
ENABLE_IPV4_TRUE=''
ENABLE_IPV6_FALSE=''
ENABLE_IPV6_TRUE='#'
ENABLE_LIBIPQ_FALSE=''
ENABLE_LIBIPQ_TRUE='#'
ENABLE_SHARED_FALSE=''
ENABLE_SHARED_TRUE='#'
ENABLE_STATIC_FALSE='#'
ENABLE_STATIC_TRUE=''
EXEEXT=''
FGREP='/bin/grep -F'
GREP='/bin/grep'
INSTALL_DATA='${INSTALL} -m 644'
INSTALL_PROGRAM='${INSTALL}'
INSTALL_SCRIPT='${INSTALL}'
INSTALL_STRIP_PROGRAM='${SHELL} $(install_sh) -c -s'
LD='msdk-linux-gcc'
LDFLAGS=''
LIBOBJS=''
LIBS=''
LIBTOOL='$(SHELL) $(top_builddir)/libtool'
LIPO=''
LN_S='ln -s'
LTLIBOBJS=''
MAKEINFO='${SHELL} /opt/workspace/3.4.14/rtl819x/users/iptables-1.4.4/missing --run makeinfo'
NM='/opt/workspace/3.4.14/rtl819x/toolchain/msdk-4.8.5-mips-EL-3.10-u0.9.33-m32ut-180418/bin/mips-linux-nm -B'
NMEDIT=''
OBJDUMP='mips-linux-objdump'
OBJEXT='o'
OTOOL64=''
OTOOL=''
PACKAGE='iptables'
PACKAGE_BUGREPORT=''
PACKAGE_NAME='iptables'
PACKAGE_STRING='iptables 1.4.4'
PACKAGE_TARNAME='iptables'
PACKAGE_URL=''
PACKAGE_VERSION='1.4.4'
PATH_SEPARATOR=':'
RANLIB='msdk-linux-ranlib'
SED='/bin/sed'
SET_MAKE=''
SHELL='/bin/sh'
STRIP='msdk-linux-strip'
VERSION='1.4.4'
ac_ct_CC=''
ac_ct_DUMPBIN=''
am__fastdepCC_FALSE='#'
am__fastdepCC_TRUE=''
am__include='include'
am__leading_dot='.'
am__quote=''
am__tar='${AMTAR} chof - "$$tardir"'
am__untar='${AMTAR} xf -'
bindir='${exec_prefix}/bin'
blacklist_modules=''
build='i686-pc-linux-gnu'
build_alias=''
build_cpu='i686'
build_os='linux-gnu'
build_vendor='pc'
datadir='${datarootdir}'
datarootdir='${prefix}/share'
docdir='${datarootdir}/doc/${PACKAGE_TARNAME}'
dvidir='${docdir}'
exec_prefix='${prefix}'
host='mips-unknown-linux-gnu'
host_alias='mips-linux'
host_cpu='mips'
host_os='linux-gnu'
host_vendor='unknown'
htmldir='${docdir}'
includedir='${prefix}/include'
infodir='${datarootdir}/info'
install_sh='/opt/workspace/3.4.14/rtl819x/users/iptables-1.4.4/install-sh'
kbuilddir=''
kinclude_CFLAGS=' -I /opt/workspace/3.4.14/rtl819x/linux-3.10/include'
ksourcedir='/opt/workspace/3.4.14/rtl819x/linux-3.10'
libdir='${exec_prefix}/lib'
libexecdir='${exec_prefix}/libexec'
libxtables_vage='0'
libxtables_vcurrent='2'
libxtables_vmajor='2'
localedir='${datarootdir}/locale'
localstatedir='${prefix}/var'
lt_ECHO='echo'
mandir='${datarootdir}/man'
mkdir_p='mkdir -p --'
oldincludedir='/usr/include'
pdfdir='${docdir}'
pkgconfigdir='${libdir}/pkgconfig'
prefix='/usr/local'
program_transform_name='s,x,x,'
psdir='${docdir}'
regular_CFLAGS='-D_LARGEFILE_SOURCE=1 -D_LARGE_FILES -D_FILE_OFFSET_BITS=64 	-D_REENTRANT -Wall -Waggregate-return -Wmissing-declarations 	-Wmissing-prototypes -Wredundant-decls -Wshadow -Wstrict-prototypes 	-Winline -pipe 	-DXTABLES_LIBDIR=\"${xtlibdir}\" -DXTABLES_INTERNAL'
sbindir='${exec_prefix}/sbin'
sharedstatedir='${prefix}/com'
sysconfdir='${prefix}/etc'
target_alias=''
xtlibdir='${exec_prefix}/libexec/xtables'

## ----------- ##
## confdefs.h. ##
## ----------- ##

/* confdefs.h */
#define PACKAGE_NAME "iptables"
#define PACKAGE_TARNAME "iptables"
#define PACKAGE_VERSION "1.4.4"
#define PACKAGE_STRING "iptables 1.4.4"
#define PACKAGE_BUGREPORT ""
#define PACKAGE_URL ""
#define PACKAGE "iptables"
#define VERSION "1.4.4"
#define STDC_HEADERS 1
#define HAVE_SYS_TYPES_H 1
#define HAVE_SYS_STAT_H 1
#define HAVE_STDLIB_H 1
#define HAVE_STRING_H 1
#define HAVE_MEMORY_H 1
#define HAVE_STRINGS_H 1
#define HAVE_INTTYPES_H 1
#define HAVE_STDINT_H 1
#define HAVE_UNISTD_H 1
#define HAVE_DLFCN_H 1
#define LT_OBJDIR ".libs/"

configure: exit 0
